<?xml version="1.0" encoding="utf-8"?><testsuites><testsuite name="pytest" errors="0" failures="1" skipped="0" tests="98" time="3.671" timestamp="2026-07-07T11:37:50.809548" hostname="SEZFF207-SG"><testcase classname="tests.interface.api.test_oran_a1_policy_api" name="test_list_a1_services_contract" time="0.048" /><testcase classname="tests.interface.api.test_oran_a1_policy_api" name="test_service_role_boundary_for_a1p_and_a1ei" time="0.050" /><testcase classname="tests.interface.api.test_oran_a1_policy_api" name="test_policy_lifecycle_endpoints" time="0.053" /><testcase classname="tests.interface.api.test_oran_a1_policy_api" name="test_policy_not_found_returns_problem_details_shape" time="0.045" /><testcase classname="tests.interface.api.test_oran_a1_policy_api" name="test_policy_status_after_delete_returns_not_found_problem_details" time="0.051" /><testcase classname="tests.interface.api.test_oran_a1_policy_api" name="test_delete_unknown_policy_returns_not_found_problem_details" time="0.042" /><testcase classname="tests.interface.api.test_oran_a1_policy_api" name="test_invalid_notification_destination_is_rejected" time="0.098" /><testcase classname="tests.interface.api.test_oran_a1_policy_api" name="test_list_policy_types_returns_200_with_empty_array_when_no_types_registered" time="0.048" /><testcase classname="tests.interface.api.test_oran_a1_policy_api" name="test_get_unknown_policy_type_returns_404" time="0.043" /><testcase classname="tests.interface.api.test_oran_a1_policy_api" name="test_policy_type_status_procedures_are_exposed" time="0.043" /><testcase classname="tests.interface.api.test_oran_a1_policy_api" name="test_policy_type_status_notify_returns_204" time="0.050" /><testcase classname="tests.interface.api.test_oran_a1_policy_api" name="test_section6_policy_openapi_definitions_include_problem_details_responses" time="0.099" /><testcase classname="tests.interface.api.test_oran_a1_policy_api" name="test_policy_conflict_is_mapped_to_problem_details" time="0.043" /><testcase classname="tests.interface.api.test_oran_a1_policy_api" name="test_policy_resources_reject_unsupported_methods_with_405" time="0.048" /><testcase classname="tests.interface.api.test_oran_a1_policy_api" name="test_policy_content_taxonomy_profile_is_accepted" time="0.043" /><testcase classname="tests.interface.api.test_oran_a1_policy_api" name="test_policy_content_taxonomy_profile_rejects_invalid_statement" time="0.054" /><testcase classname="tests.interface.api.test_oran_a1_ei_api" name="test_ei_job_operations_conformance_category_is_exposed_via_api" time="0.089" /><testcase classname="tests.interface.api.test_oran_a1_ei_api" name="test_ei_type_and_job_lifecycle_endpoints" time="0.104" /><testcase classname="tests.interface.api.test_oran_a1_ei_api" name="test_annex_a_canonical_ei_job_endpoints" time="0.085" /><testcase classname="tests.interface.api.test_oran_a1_ei_api" name="test_ei_endpoints_return_problem_details_for_unknown_resources" time="0.050" /><testcase classname="tests.interface.api.test_oran_a1_ei_api" name="test_ei_job_create_rejects_invalid_payload_shape" time="0.049" /><testcase classname="tests.interface.api.test_oran_a1_ei_api" name="test_section6_ei_openapi_definitions_include_problem_details_responses" time="0.096" /><testcase classname="tests.interface.api.test_oran_a1_ei_api" name="test_ei_job_conflict_is_mapped_to_problem_details" time="0.048" /><testcase classname="tests.interface.api.test_oran_a1_ei_api" name="test_ei_resources_reject_unsupported_methods_with_405" time="0.047" /><testcase classname="tests.interface.api.test_oran_a1_ei_api" name="test_notify_ei_type_status_returns_204" time="0.044" /><testcase classname="tests.interface.api.test_oran_a1_ei_api" name="test_eijobs_filter_unknown_eitype_returns_problem_details" time="0.041" /><testcase classname="tests.conformance.test_a1_policy_conformance_4_2_1" name="test_section_4_2_1_policy_type_query_contains_tc_a1_ptq_001" time="0.001" /><testcase classname="tests.conformance.test_a1_policy_conformance_4_2_1" name="test_section_4_2_1_policy_type_query_contains_tc_a1_ptq_002" time="0.001" /><testcase classname="tests.conformance.test_a1_policy_conformance_4_2_1" name="test_section_4_2_1_policy_type_query_contains_tc_a1_ptq_003" time="0.001" /><testcase classname="tests.conformance.test_a1_policy_conformance_4_2_1" name="test_section_4_2_1_policy_type_query_contains_tc_a1_ptq_004" time="0.001" /><testcase classname="tests.conformance.test_a1_policy_conformance_4_2_1" name="test_section_4_2_1_policy_type_query_contains_tc_a1_ptq_005" time="0.001" /><testcase classname="tests.conformance.test_a1_policy_conformance_4_2_1" name="test_section_4_2_1_policy_operations_contains_tc_a1_po_001" time="0.001" /><testcase classname="tests.conformance.test_a1_policy_conformance_4_2_1" name="test_section_4_2_1_policy_operations_contains_tc_a1_po_002" time="0.001" /><testcase classname="tests.conformance.test_a1_policy_conformance_4_2_1" name="test_section_4_2_1_policy_operations_contains_tc_a1_po_003" time="0.001" /><testcase classname="tests.conformance.test_a1_policy_conformance_4_2_1" name="test_section_4_2_1_policy_operations_contains_tc_a1_po_004" time="0.001" /><testcase classname="tests.conformance.test_a1_policy_conformance_4_2_1" name="test_section_4_2_1_policy_operations_contains_tc_a1_po_005" time="0.001" /><testcase classname="tests.conformance.test_a1_policy_conformance_4_2_1" name="test_section_4_2_1_policy_operations_contains_tc_a1_po_006" time="0.001" /><testcase classname="tests.conformance.test_a1_policy_conformance_4_2_1" name="test_section_4_2_1_policy_operations_contains_tc_a1_po_007" time="0.001" /><testcase classname="tests.conformance.test_a1_policy_conformance_4_2_1" name="test_section_4_2_1_policy_operations_contains_tc_a1_po_008" time="0.001" /><testcase classname="tests.conformance.test_a1_policy_conformance_4_2_2" name="test_section_4_2_2_readiness_includes_role_configuration_a1p" time="0.001" /><testcase classname="tests.conformance.test_a1_policy_conformance_4_2_2" name="test_section_4_2_2_readiness_includes_role_configuration_a1ei" time="0.001" /><testcase classname="tests.conformance.test_a1_policy_conformance_4_2_2" name="test_section_4_2_2_readiness_includes_policy_type_precondition" time="0.001" /><testcase classname="tests.conformance.test_a1_policy_conformance_4_2_2" name="test_section_4_2_2_readiness_includes_response_schema_compliance" time="0.001" /><testcase classname="tests.conformance.test_a1_policy_conformance_4_2_2" name="test_section_4_2_2_readiness_includes_endpoint_accessibility" time="0.001" /><testcase classname="tests.conformance.test_a1_policy_conformance_4_2_2" name="test_section_4_2_2_readiness_includes_http_compliance_content_type" time="0.001" /><testcase classname="tests.conformance.test_a1_policy_conformance_4_2_2" name="test_section_4_2_2_readiness_includes_firewall_network_policy" time="0.002" /><testcase classname="tests.conformance.test_a1_policy_conformance_4_2_2" name="test_section_4_2_2_readiness_includes_performance_baseline" time="0.001" /><testcase classname="tests.conformance.test_a1_policy_conformance_4_2_2" name="test_section_4_2_2_evidence_validator_accepts_pass_verdict" time="0.001" /><testcase classname="tests.conformance.test_a1_policy_conformance_4_2_2" name="test_section_4_2_2_evidence_validator_accepts_fail_verdict" time="0.001" /><testcase classname="tests.conformance.test_a1_policy_conformance_4_2_2" name="test_section_4_2_2_evidence_validator_accepts_inconclusive_verdict" time="0.001" /><testcase classname="tests.conformance.test_a1_policy_conformance_4_2_2" name="test_section_4_2_2_evidence_validator_rejects_invalid_verdict" time="0.001" /><testcase classname="tests.conformance.test_a1_policy_conformance_4_2_2" name="test_section_4_2_2_collect_execution_evidence_normalizes_exchanges" time="0.001" /><testcase classname="tests.conformance.test_a1_policy_conformance_4_2_2" name="test_section_4_2_2_module_docstring_pins_spec_version_reference" time="0.003" /><testcase classname="tests.conformance.test_a1_policy_conformance_4_2_2" name="test_section_4_2_2_policy_schema_contract_required_fields_are_explicit" time="0.001" /><testcase classname="tests.conformance.test_a1_policy_conformance_4_2_2" name="test_section_4_2_2_evidence_validator_rejects_missing_required_keys" time="0.001" /><testcase classname="tests.conformance.test_a1_policy_conformance_4_2_2" name="test_section_4_2_2_evidence_validator_rejects_non_list_artifacts" time="0.001" /><testcase classname="tests.conformance.test_a1_policy_conformance_4_2_2" name="test_section_4_2_2_evidence_validator_rejects_artifact_without_required_keys" time="0.002" /><testcase classname="tests.conformance.test_ei_job_operations" name="test_ei_job_operations_suite_metadata_is_exposed" time="0.001" /><testcase classname="tests.conformance.test_ei_job_operations" name="test_ei_job_operations_run_passes_with_default_registry" time="0.001" /><testcase classname="tests.conformance.test_ei_job_operations" name="test_ei_job_operations_run_includes_all_expected_test_ids" time="0.001" /><testcase classname="tests.conformance.test_ei_job_operations" name="test_ei_job_operations_unknown_type_check_passes" time="0.001" /><testcase classname="tests.conformance.test_ei_job_operations" name="test_ei_job_operations_deleted_job_is_no_longer_queryable" time="0.001" /><testcase classname="tests.conformance.test_execution_evidence" name="test_a1_policy_service_has_logger_configured" time="0.001" /><testcase classname="tests.conformance.test_execution_evidence" name="test_a1_policy_service_logger_records_notification_warnings" time="0.001" /><testcase classname="tests.conformance.test_execution_evidence" name="test_a1_ei_service_logger_records_notification_warnings" time="0.007" /><testcase classname="tests.conformance.test_execution_evidence" name="test_a1_operations_return_deterministic_status_codes[GET-/api/oran/a1/policytypes-None-200]" time="0.042" /><testcase classname="tests.conformance.test_execution_evidence" name="test_a1_operations_return_deterministic_status_codes[GET-/api/oran/a1/policytypes/default-None-200]" time="0.051" /><testcase classname="tests.conformance.test_execution_evidence" name="test_a1_operations_return_deterministic_status_codes[GET-/api/oran/a1/policytypes/nonexistent-type-evidence-None-404]" time="0.044" /><testcase classname="tests.conformance.test_execution_evidence" name="test_a1_operations_return_deterministic_status_codes[GET-/api/oran/a1/policytypes/default/policies/nonexistent-evidence-None-404]" time="0.046" /><testcase classname="tests.conformance.test_execution_evidence" name="test_error_response_carries_complete_problem_details_for_missing_policy" time="0.045" /><testcase classname="tests.conformance.test_execution_evidence" name="test_error_response_carries_complete_problem_details_for_missing_policy_type" time="0.043" /><testcase classname="tests.conformance.test_execution_evidence" name="test_policy_status_carries_enforcement_status_after_creation" time="0.001" /><testcase classname="tests.conformance.test_execution_evidence" name="test_policy_status_carries_enforcement_reason_as_verdict_detail" time="0.001" /><testcase classname="tests.conformance.test_execution_evidence" name="test_policy_status_object_model_has_enforcement_reason_field" time="0.001" /><testcase classname="tests.conformance.test_execution_evidence" name="test_a1_api_response_includes_json_content_type_header" time="0.050" /><testcase classname="tests.conformance.test_execution_evidence" name="test_policy_creation_response_includes_location_header" time="0.041" /><testcase classname="tests.conformance.test_simulator_capabilities" name="test_simulator_a1_p_producer_can_enable_policy_type" time="0.001" /><testcase classname="tests.conformance.test_simulator_capabilities" name="test_simulator_a1_p_producer_can_disable_policy_type" time="0.001" /><testcase classname="tests.conformance.test_simulator_capabilities" name="test_simulator_a1_p_producer_returns_201_on_policy_creation" time="0.043" /><testcase classname="tests.conformance.test_simulator_capabilities" name="test_simulator_a1_p_producer_returns_200_on_policy_update" time="0.045" /><testcase classname="tests.conformance.test_simulator_capabilities" name="test_simulator_a1_p_producer_responds_with_failure_404_for_unknown_policy" time="0.046" /><testcase classname="tests.conformance.test_simulator_capabilities" name="test_simulator_a1_p_producer_responds_with_failure_404_for_unknown_policy_type" time="0.047" /><testcase classname="tests.conformance.test_simulator_capabilities" name="test_simulator_a1_p_producer_has_notify_policy_status_capability" time="0.001" /><testcase classname="tests.conformance.test_simulator_capabilities" name="test_simulator_a1_p_producer_notify_signature_accepts_destination_and_status" time="0.001" /><testcase classname="tests.conformance.test_simulator_capabilities" name="test_simulator_a1_p_producer_policy_type_schema_enables_content_validation" time="0.001" /><testcase classname="tests.conformance.test_simulator_capabilities" name="test_simulator_rejects_policy_with_missing_required_statements" time="0.042" /><testcase classname="tests.conformance.test_simulator_capabilities" name="test_simulator_a1_ei_consumer_service_is_defined_in_registry" time="0.001" /><testcase classname="tests.conformance.test_simulator_capabilities" name="test_simulator_a1_ei_consumer_has_ei_type_query_resource_domain" time="0.001" /><testcase classname="tests.conformance.test_simulator_capabilities" name="test_simulator_a1_ei_consumer_has_ei_job_resource_domain" time="0.001" /><testcase classname="tests.conformance.test_simulator_capabilities" name="test_simulator_a1_ei_consumer_has_notifications_resource_domain" time="0.001" /><testcase classname="tests.conformance.test_simulator_capabilities" name="test_simulator_a1_ei_consumer_has_notify_ei_job_status_capability" time="0.001" /><testcase classname="tests.conformance.test_simulator_capabilities" name="test_simulator_a1_ei_notify_signature_accepts_destination_and_status_payload" time="0.001" /><testcase classname="tests.conformance.test_simulator_capabilities" name="test_simulator_a1_ei_notify_uses_httpx_client" time="0.001" /><testcase classname="tests.conformance.test_simulator_capabilities" name="test_simulator_has_both_http_client_and_server_capabilities" time="0.001" /><testcase classname="tests.conformance.test_interoperability_clause7_suites" name="test_clause_7_2_interoperability_a1p_suite_metadata_is_exposed" time="0.001" /><testcase classname="tests.conformance.test_interoperability_clause7_suites" name="test_clause_7_2_interoperability_a1p_run_passes_with_default_registry" time="0.001"><failure message="assert 7 == 0">def test_clause_7_2_interoperability_a1p_run_passes_with_default_registry() -&gt; None:
        payload = _service().run_interoperability_a1p_tests(
            policy_service=A1PolicyService(),
            service_registry=A1ServiceRegistry(),
        )
    
        assert payload["category_id"] == "interoperability-a1p"
        assert payload["summary"]["total"] == 9
&gt;       assert payload["summary"]["failed"] == 0
E       assert 7 == 0

tests\conformance\test_interoperability_clause7_suites.py:37: AssertionError</failure></testcase><testcase classname="tests.conformance.test_interoperability_clause7_suites" name="test_clause_7_3_interoperability_a1ei_suite_metadata_is_exposed" time="0.001" /><testcase classname="tests.conformance.test_interoperability_clause7_suites" name="test_clause_7_3_interoperability_a1ei_run_passes_with_default_registry" time="0.004" /></testsuite></testsuites>