<?xml version="1.0" encoding="utf-8"?><testsuites name="pytest tests"><testsuite name="pytest" errors="0" failures="0" skipped="0" tests="41" time="5.358" timestamp="2026-07-13T16:10:57.672481+05:30" hostname="C40LAP-5142T"><testcase classname="tests.unit.services.test_a1_enrichment_service" name="test_ei_service_summary_exposes_supported_types_and_resources" time="0.003" /><testcase classname="tests.unit.services.test_a1_enrichment_service" name="test_ei_job_lifecycle_create_query_update_delete" time="0.002" /><testcase classname="tests.unit.services.test_a1_enrichment_service" name="test_ei_job_ids_can_be_listed_without_type_filter" time="0.001" /><testcase classname="tests.unit.services.test_a1_enrichment_service" name="test_unknown_ei_type_raises_key_error" time="0.001" /><testcase classname="tests.unit.services.test_a1_enrichment_service" name="test_ei_notification_destination_is_cleared_when_omitted_on_replace" time="0.002" /><testcase classname="tests.unit.services.test_a1_enrichment_service" name="test_notify_ei_job_status_logs_warning_for_non_success_status" time="0.003" /><testcase classname="tests.unit.services.test_a1_enrichment_service" name="test_notify_ei_job_status_propagates_timeout" time="0.002" /><testcase classname="tests.unit.services.test_a1_enrichment_service" name="test_create_ei_job_rejects_payload_without_required_annex_a_fields" time="0.001" /><testcase classname="tests.unit.services.test_a1_enrichment_service" name="test_notify_ei_job_status_rejects_payload_missing_required_fields" time="0.002" /><testcase classname="tests.unit.services.test_a1_enrichment_service" name="test_deliver_ei_job_result_logs_warning_for_non_success_status" time="0.004" /><testcase classname="tests.unit.services.test_a1_enrichment_service" name="test_deliver_ei_job_result_propagates_timeout" time="0.003" /><testcase classname="tests.unit.services.test_a1_enrichment_service" name="test_deliver_ei_job_result_rejects_payload_missing_required_fields" time="0.003" /><testcase classname="tests.unit.services.test_a1_enrichment_service" name="test_notify_ei_job_status_uses_json_content_type_and_disables_on_failure" time="0.002" /><testcase classname="tests.unit.services.test_a1_enrichment_service" name="test_deliver_ei_job_result_repeated_failure_is_non_buffering_and_deterministic" time="0.005" /><testcase classname="tests.unit.services.test_a1_enrichment_service" name="test_ei_service_summary_exposes_ts103988_type_definition_catalog" time="0.001" /><testcase classname="tests.unit.services.test_a1_enrichment_service" name="test_create_ei_job_rejects_invalid_eitype_identifier_format" time="0.001" /><testcase classname="tests.interface.api.test_oran_a1_ei_api" name="test_ei_job_operations_conformance_category_is_exposed_via_api" time="0.094" /><testcase classname="tests.interface.api.test_oran_a1_ei_api" name="test_ei_type_and_job_lifecycle_endpoints" time="0.202" /><testcase classname="tests.interface.api.test_oran_a1_ei_api" name="test_annex_a_canonical_ei_job_endpoints" time="0.192" /><testcase classname="tests.interface.api.test_oran_a1_ei_api" name="test_ei_endpoints_return_problem_details_for_unknown_resources" time="0.167" /><testcase classname="tests.interface.api.test_oran_a1_ei_api" name="test_ei_job_create_rejects_invalid_payload_shape" time="0.144" /><testcase classname="tests.interface.api.test_oran_a1_ei_api" name="test_section6_ei_openapi_definitions_include_problem_details_responses" time="0.370" /><testcase classname="tests.interface.api.test_oran_a1_ei_api" name="test_ei_job_conflict_is_mapped_to_problem_details" time="0.139" /><testcase classname="tests.interface.api.test_oran_a1_ei_api" name="test_ei_resources_reject_unsupported_methods_with_405" time="0.149" /><testcase classname="tests.interface.api.test_oran_a1_ei_api" name="test_notify_ei_type_status_returns_204" time="0.149" /><testcase classname="tests.interface.api.test_oran_a1_ei_api" name="test_eijobs_filter_unknown_eitype_returns_problem_details" time="0.148" /><testcase classname="tests.interface.api.test_oran_a1_ei_api" name="test_a1ei_service_summary_exposes_ts103988_type_definition_catalog" time="0.145" /><testcase classname="tests.interface.api.test_oran_a1_ei_api" name="test_ei_job_create_rejects_invalid_eitype_identifier_format" time="0.160" /><testcase classname="tests.conformance.test_ei_job_operations" name="test_ei_job_operations_suite_metadata_is_exposed" time="0.005" /><testcase classname="tests.conformance.test_ei_job_operations" name="test_ei_job_operations_run_passes_with_default_registry" time="0.002" /><testcase classname="tests.conformance.test_ei_job_operations" name="test_ei_job_operations_run_includes_all_expected_test_ids" time="0.002" /><testcase classname="tests.conformance.test_ei_job_operations" name="test_ei_job_operations_unknown_type_check_passes" time="0.002" /><testcase classname="tests.conformance.test_ei_job_operations" name="test_ei_job_operations_deleted_job_is_no_longer_queryable" time="0.002" /><testcase classname="tests.conformance.test_ts103983_section5_ei_lifecycle_resilience" name="test_section_5_2_3_3_1_reconcile_after_restart_marks_missing_jobs_disabled" time="0.173" /><testcase classname="tests.conformance.test_ts103983_section5_ei_lifecycle_resilience" name="test_section_5_2_3_3_2_delivery_failure_disables_ei_job" time="0.154" /><testcase classname="tests.conformance.test_ts103983_section5_ei_lifecycle_resilience" name="test_section_5_2_5_1_push_delivery_failure_is_non_buffering_no_retry" time="0.157" /><testcase classname="tests.conformance.test_ts103988_section5_common_types" name="test_section5_clause5_service_summaries_expose_type_catalogs" time="0.153" /><testcase classname="tests.conformance.test_ts103988_section5_common_types" name="test_section5_clause5_1_rejects_invalid_policy_encoding_attribute" time="0.150" /><testcase classname="tests.conformance.test_ts103988_section5_common_types" name="test_section5_clause5_2_uses_type_definition_status_enrichment_path" time="0.158" /><testcase classname="tests.interface.api.test_ts103988_section5_interface_faults" name="test_section5_interface_policy_invalid_encoding_maps_to_400_problem_details" time="0.143" /><testcase classname="tests.interface.api.test_ts103988_section5_interface_faults" name="test_section5_interface_ei_invalid_identifier_maps_to_400_problem_details" time="0.149" /></testsuite></testsuites>