<?xml version="1.0" encoding="utf-8"?><testsuites><testsuite name="pytest" errors="0" failures="0" skipped="0" tests="35" time="1.211" timestamp="2026-07-01T11:26:52.440486" hostname="SEZFF207-SG"><testcase classname="tests.conformance.test_a1_policy_conformance_4_2_2" name="test_section_4_2_2_readiness_includes_role_configuration_a1p" time="0.001" /><testcase classname="tests.conformance.test_a1_policy_conformance_4_2_2" name="test_section_4_2_2_readiness_includes_role_configuration_a1ei" time="0.001" /><testcase classname="tests.conformance.test_a1_policy_conformance_4_2_2" name="test_section_4_2_2_readiness_includes_policy_type_precondition" time="0.001" /><testcase classname="tests.conformance.test_a1_policy_conformance_4_2_2" name="test_section_4_2_2_readiness_includes_response_schema_compliance" time="0.001" /><testcase classname="tests.conformance.test_a1_policy_conformance_4_2_2" name="test_section_4_2_2_readiness_includes_endpoint_accessibility" time="0.001" /><testcase classname="tests.conformance.test_a1_policy_conformance_4_2_2" name="test_section_4_2_2_readiness_includes_http_compliance_content_type" time="0.001" /><testcase classname="tests.conformance.test_a1_policy_conformance_4_2_2" name="test_section_4_2_2_readiness_includes_firewall_network_policy" time="0.001" /><testcase classname="tests.conformance.test_a1_policy_conformance_4_2_2" name="test_section_4_2_2_readiness_includes_performance_baseline" time="0.001" /><testcase classname="tests.conformance.test_a1_policy_conformance_4_2_2" name="test_section_4_2_2_evidence_validator_accepts_pass_verdict" time="0.001" /><testcase classname="tests.conformance.test_a1_policy_conformance_4_2_2" name="test_section_4_2_2_evidence_validator_accepts_fail_verdict" time="0.001" /><testcase classname="tests.conformance.test_a1_policy_conformance_4_2_2" name="test_section_4_2_2_evidence_validator_accepts_inconclusive_verdict" time="0.001" /><testcase classname="tests.conformance.test_a1_policy_conformance_4_2_2" name="test_section_4_2_2_evidence_validator_rejects_invalid_verdict" time="0.001" /><testcase classname="tests.conformance.test_a1_policy_conformance_4_2_2" name="test_section_4_2_2_collect_execution_evidence_normalizes_exchanges" time="0.001" /><testcase classname="tests.conformance.test_a1_policy_conformance_4_2_2" name="test_section_4_2_2_module_docstring_pins_spec_version_reference" time="0.003" /><testcase classname="tests.conformance.test_a1_policy_conformance_4_2_2" name="test_section_4_2_2_policy_schema_contract_required_fields_are_explicit" time="0.001" /><testcase classname="tests.conformance.test_a1_policy_conformance_4_2_2" name="test_section_4_2_2_evidence_validator_rejects_missing_required_keys" time="0.001" /><testcase classname="tests.conformance.test_a1_policy_conformance_4_2_2" name="test_section_4_2_2_evidence_validator_rejects_non_list_artifacts" time="0.001" /><testcase classname="tests.conformance.test_a1_policy_conformance_4_2_2" name="test_section_4_2_2_evidence_validator_rejects_artifact_without_required_keys" time="0.001" /><testcase classname="tests.unit.services.test_a1_enrichment_service" name="test_ei_service_summary_exposes_supported_types_and_resources" time="0.001" /><testcase classname="tests.unit.services.test_a1_enrichment_service" name="test_ei_job_lifecycle_create_query_update_delete" time="0.001" /><testcase classname="tests.unit.services.test_a1_enrichment_service" name="test_unknown_ei_type_raises_key_error" time="0.001" /><testcase classname="tests.unit.services.test_a1_enrichment_service" name="test_ei_notification_destination_is_cleared_when_omitted_on_replace" time="0.001" /><testcase classname="tests.unit.services.test_a1_enrichment_service" name="test_notify_ei_job_status_logs_warning_for_non_success_status" time="0.002" /><testcase classname="tests.unit.services.test_a1_enrichment_service" name="test_notify_ei_job_status_propagates_timeout" time="0.001" /><testcase classname="tests.unit.services.test_a1_enrichment_service" name="test_create_ei_job_rejects_payload_without_required_ei_payload_field" time="0.001" /><testcase classname="tests.unit.services.test_a1_enrichment_service" name="test_notify_ei_job_status_rejects_payload_missing_required_fields" time="0.002" /><testcase classname="tests.interface.api.test_oran_a1_ei_api" name="test_ei_job_operations_conformance_category_is_exposed_via_api" time="0.035" /><testcase classname="tests.interface.api.test_oran_a1_ei_api" name="test_ei_type_and_job_lifecycle_endpoints" time="0.046" /><testcase classname="tests.interface.api.test_oran_a1_ei_api" name="test_ei_endpoints_return_problem_details_for_unknown_resources" time="0.040" /><testcase classname="tests.interface.api.test_oran_a1_ei_api" name="test_ei_job_create_rejects_invalid_payload_shape" time="0.030" /><testcase classname="tests.conformance.test_ei_job_operations" name="test_ei_job_operations_suite_metadata_is_exposed" time="0.001" /><testcase classname="tests.conformance.test_ei_job_operations" name="test_ei_job_operations_run_passes_with_default_registry" time="0.001" /><testcase classname="tests.conformance.test_ei_job_operations" name="test_ei_job_operations_run_includes_all_expected_test_ids" time="0.001" /><testcase classname="tests.conformance.test_ei_job_operations" name="test_ei_job_operations_unknown_type_check_passes" time="0.001" /><testcase classname="tests.conformance.test_ei_job_operations" name="test_ei_job_operations_deleted_job_is_no_longer_queryable" time="0.001" /></testsuite></testsuites>