<?xml version="1.0" encoding="utf-8"?><testsuites name="pytest tests"><testsuite name="pytest" errors="0" failures="0" skipped="0" tests="16" time="1.398" timestamp="2026-07-13T16:43:48.077279+05:30" hostname="C40LAP-5142T"><testcase classname="tests.unit.services.test_a1_enrichment_service" name="test_deliver_ei_job_result_logs_warning_for_non_success_status" time="0.003" /><testcase classname="tests.unit.services.test_a1_enrichment_service" name="test_deliver_ei_job_result_propagates_timeout" time="0.002" /><testcase classname="tests.unit.services.test_a1_enrichment_service" name="test_deliver_ei_job_result_rejects_payload_missing_required_fields" time="0.001" /><testcase classname="tests.unit.services.test_a1_enrichment_service" name="test_deliver_ei_job_result_repeated_failure_is_non_buffering_and_deterministic" time="0.002" /><testcase classname="tests.unit.services.test_a1_enrichment_service" name="test_create_ei_job_rejects_invalid_eitype_identifier_format" time="0.001" /><testcase classname="tests.unit.services.test_a1_enrichment_service" name="test_create_uegeoandvel_job_accepts_section9_compound_definition" time="0.001" /><testcase classname="tests.unit.services.test_a1_enrichment_service" name="test_create_uegeoandvel_job_rejects_invalid_gad_shape" time="0.001" /><testcase classname="tests.unit.services.test_a1_enrichment_service" name="test_create_uegeoandvel_job_rejects_non_positive_reporting_amount" time="0.001" /><testcase classname="tests.unit.services.test_a1_enrichment_service" name="test_create_uegeoandvel_job_rejects_missing_scope_wrapper" time="0.001" /><testcase classname="tests.unit.services.test_a1_enrichment_service" name="test_validate_uegeoandvel_constraints_uses_section9_property_names" time="0.001" /><testcase classname="tests.unit.services.test_a1_enrichment_service" name="test_validate_uegeoandvel_result_requires_array_payload" time="0.001" /><testcase classname="tests.unit.services.test_a1_enrichment_service" name="test_validate_uegeoandvel_result_accepts_section9_array_payload" time="0.001" /><testcase classname="tests.interface.api.test_oran_a1_ei_api" name="test_ei_job_create_rejects_invalid_eitype_identifier_format" time="0.046" /><testcase classname="tests.interface.api.test_oran_a1_ei_api" name="test_section9_compound_uegeoandvel_job_can_be_created" time="0.039" /><testcase classname="tests.interface.api.test_oran_a1_ei_api" name="test_section9_compound_uegeoandvel_job_rejects_invalid_gad_shape" time="0.047" /><testcase classname="tests.interface.api.test_oran_a1_ei_api" name="test_section9_compound_uegeoandvel_job_rejects_missing_scope" time="0.039" /></testsuite></testsuites>