<?xml version="1.0" encoding="utf-8"?><testsuites name="pytest tests"><testsuite name="pytest" errors="0" failures="3" skipped="0" tests="86" time="3.793" timestamp="2026-07-10T13:25:04.416786+05:30" hostname="C40LAP-5142T"><testcase classname="tests.unit.services.test_a1_policy_service" name="test_list_policy_type_ids_contains_default" time="0.001" /><testcase classname="tests.unit.services.test_a1_policy_service" name="test_create_get_status_and_delete_policy" time="0.001" /><testcase classname="tests.unit.services.test_a1_policy_service" name="test_create_policy_rejects_unknown_policy_type" time="0.001" /><testcase classname="tests.unit.services.test_a1_policy_service" name="test_get_policy_returns_deepcopy_to_prevent_shared_mutation" time="0.000" /><testcase classname="tests.unit.services.test_a1_policy_service" name="test_delete_unknown_policy_raises_key_error" time="0.001" /><testcase classname="tests.unit.services.test_a1_policy_service" name="test_list_policy_type_ids_returns_empty_list_when_store_is_cleared" time="0.000" /><testcase classname="tests.unit.services.test_a1_policy_service" name="test_get_policy_type_raises_key_error_for_unknown_type_id" time="0.000" /><testcase classname="tests.unit.services.test_a1_policy_service" name="test_policy_content_profile_accepts_objective_and_resource_categories" time="0.001" /><testcase classname="tests.unit.services.test_a1_policy_service" name="test_policy_content_profile_rejects_unknown_category" time="0.001" /><testcase classname="tests.unit.services.test_a1_policy_service" name="test_policy_content_profile_rejects_missing_category_payload" time="0.001" /><testcase classname="tests.unit.services.test_a1_policy_service" name="test_policy_scope_rejects_invalid_encoded_attribute_values" time="0.001"><failure message="Failed: DID NOT RAISE &lt;class 'ValueError'&gt;">def test_policy_scope_rejects_invalid_encoded_attribute_values() -&gt; None:
        service = A1PolicyService()
        policy = PolicyObject(
            scope={
                "scope_type": "cell",
                "scope_value": "001",
                "amfRegionId": "ZZ",
            },
            policy_statements=[{"id": "stmt-enc-1", "action": "allow"}],
        )
    
&gt;       with pytest.raises(ValueError, match="amfRegionId"):
             ^^^^^^^^^^^^^^^^^^^^^^^^^^^^^^^^^^^^^^^^^^^^^^
E       Failed: DID NOT RAISE &lt;class 'ValueError'&gt;

tests\unit\services\test_a1_policy_service.py:177: Failed</failure></testcase><testcase classname="tests.unit.services.test_a1_policy_service" name="test_policy_scope_accepts_valid_representative_encoded_attributes" time="0.001" /><testcase classname="tests.unit.services.test_a1_enrichment_service" name="test_ei_service_summary_exposes_supported_types_and_resources" time="0.001" /><testcase classname="tests.unit.services.test_a1_enrichment_service" name="test_ei_job_lifecycle_create_query_update_delete" time="0.001" /><testcase classname="tests.unit.services.test_a1_enrichment_service" name="test_ei_job_ids_can_be_listed_without_type_filter" time="0.000" /><testcase classname="tests.unit.services.test_a1_enrichment_service" name="test_unknown_ei_type_raises_key_error" time="0.001" /><testcase classname="tests.unit.services.test_a1_enrichment_service" name="test_ei_notification_destination_is_cleared_when_omitted_on_replace" time="0.000" /><testcase classname="tests.unit.services.test_a1_enrichment_service" name="test_notify_ei_job_status_logs_warning_for_non_success_status" time="0.003" /><testcase classname="tests.unit.services.test_a1_enrichment_service" name="test_notify_ei_job_status_propagates_timeout" time="0.002" /><testcase classname="tests.unit.services.test_a1_enrichment_service" name="test_create_ei_job_rejects_payload_without_required_annex_a_fields" time="0.001" /><testcase classname="tests.unit.services.test_a1_enrichment_service" name="test_notify_ei_job_status_rejects_payload_missing_required_fields" time="0.001" /><testcase classname="tests.unit.services.test_a1_enrichment_service" name="test_deliver_ei_job_result_logs_warning_for_non_success_status" time="0.001" /><testcase classname="tests.unit.services.test_a1_enrichment_service" name="test_deliver_ei_job_result_propagates_timeout" time="0.001" /><testcase classname="tests.unit.services.test_a1_enrichment_service" name="test_deliver_ei_job_result_rejects_payload_missing_required_fields" time="0.001" /><testcase classname="tests.unit.services.test_a1_enrichment_service" name="test_notify_ei_job_status_uses_json_content_type_and_disables_on_failure" time="0.001" /><testcase classname="tests.unit.services.test_a1_enrichment_service" name="test_deliver_ei_job_result_repeated_failure_is_non_buffering_and_deterministic" time="0.002" /><testcase classname="tests.unit.services.test_a1_enrichment_service" name="test_ei_service_summary_exposes_ts103988_type_definition_catalog" time="0.001" /><testcase classname="tests.unit.services.test_a1_enrichment_service" name="test_create_ei_job_rejects_invalid_eitype_identifier_format" time="0.001" /><testcase classname="tests.interface.api.test_oran_a1_policy_api" name="test_list_a1_services_contract" time="0.039" /><testcase classname="tests.interface.api.test_oran_a1_policy_api" name="test_service_role_boundary_for_a1p_and_a1ei" time="0.043" /><testcase classname="tests.interface.api.test_oran_a1_policy_api" name="test_policy_lifecycle_endpoints" time="0.044" /><testcase classname="tests.interface.api.test_oran_a1_policy_api" name="test_policy_not_found_returns_problem_details_shape" time="0.037" /><testcase classname="tests.interface.api.test_oran_a1_policy_api" name="test_policy_status_after_delete_returns_not_found_problem_details" time="0.040" /><testcase classname="tests.interface.api.test_oran_a1_policy_api" name="test_delete_unknown_policy_returns_not_found_problem_details" time="0.090" /><testcase classname="tests.interface.api.test_oran_a1_policy_api" name="test_invalid_notification_destination_is_rejected" time="0.037" /><testcase classname="tests.interface.api.test_oran_a1_policy_api" name="test_list_policy_types_returns_200_with_empty_array_when_no_types_registered" time="0.039" /><testcase classname="tests.interface.api.test_oran_a1_policy_api" name="test_get_unknown_policy_type_returns_404" time="0.047" /><testcase classname="tests.interface.api.test_oran_a1_policy_api" name="test_policy_type_status_procedures_are_exposed" time="0.043" /><testcase classname="tests.interface.api.test_oran_a1_policy_api" name="test_policy_type_status_notify_returns_204" time="0.037" /><testcase classname="tests.interface.api.test_oran_a1_policy_api" name="test_section6_policy_openapi_definitions_include_problem_details_responses" time="0.071" /><testcase classname="tests.interface.api.test_oran_a1_policy_api" name="test_policy_conflict_is_mapped_to_problem_details" time="0.041" /><testcase classname="tests.interface.api.test_oran_a1_policy_api" name="test_policy_resources_reject_unsupported_methods_with_405" time="0.039" /><testcase classname="tests.interface.api.test_oran_a1_policy_api" name="test_policy_create_rejects_invalid_section5_encoded_scope_attribute" time="0.039"><failure message="assert 201 == 400&#10; +  where 201 = &lt;Response [201 Created]&gt;.status_code">client = &lt;starlette.testclient.TestClient object at 0x0000015DD3907D90&gt;

    def test_policy_create_rejects_invalid_section5_encoded_scope_attribute(client: TestClient) -&gt; None:
        response = client.put(
            "/api/oran/a1/policytypes/default/policies/policy-invalid-encoding",
            json={
                "scope": {
                    "scope_type": "cell",
                    "scope_value": "001",
                    "amfRegionId": "ZZ",
                },
                "policy_statements": [{"id": "stmt-invalid-encoding", "action": "allow"}],
            },
        )
    
&gt;       assert response.status_code == 400
E       assert 201 == 400
E        +  where 201 = &lt;Response [201 Created]&gt;.status_code

tests\interface\api\test_oran_a1_policy_api.py:272: AssertionError</failure></testcase><testcase classname="tests.interface.api.test_oran_a1_policy_api" name="test_a1p_service_summary_exposes_ts103988_type_definition_catalog" time="0.037" /><testcase classname="tests.interface.api.test_oran_a1_policy_api" name="test_policy_content_taxonomy_profile_is_accepted" time="0.050" /><testcase classname="tests.interface.api.test_oran_a1_policy_api" name="test_policy_content_taxonomy_profile_rejects_invalid_statement" time="0.059" /><testcase classname="tests.interface.api.test_oran_a1_ei_api" name="test_ei_job_operations_conformance_category_is_exposed_via_api" time="0.055" /><testcase classname="tests.interface.api.test_oran_a1_ei_api" name="test_ei_type_and_job_lifecycle_endpoints" time="0.100" /><testcase classname="tests.interface.api.test_oran_a1_ei_api" name="test_annex_a_canonical_ei_job_endpoints" time="0.072" /><testcase classname="tests.interface.api.test_oran_a1_ei_api" name="test_ei_endpoints_return_problem_details_for_unknown_resources" time="0.075" /><testcase classname="tests.interface.api.test_oran_a1_ei_api" name="test_ei_job_create_rejects_invalid_payload_shape" time="0.081" /><testcase classname="tests.interface.api.test_oran_a1_ei_api" name="test_section6_ei_openapi_definitions_include_problem_details_responses" time="0.160" /><testcase classname="tests.interface.api.test_oran_a1_ei_api" name="test_ei_job_conflict_is_mapped_to_problem_details" time="0.082" /><testcase classname="tests.interface.api.test_oran_a1_ei_api" name="test_ei_resources_reject_unsupported_methods_with_405" time="0.087" /><testcase classname="tests.interface.api.test_oran_a1_ei_api" name="test_notify_ei_type_status_returns_204" time="0.091" /><testcase classname="tests.interface.api.test_oran_a1_ei_api" name="test_eijobs_filter_unknown_eitype_returns_problem_details" time="0.069" /><testcase classname="tests.interface.api.test_oran_a1_ei_api" name="test_a1ei_service_summary_exposes_ts103988_type_definition_catalog" time="0.082" /><testcase classname="tests.interface.api.test_oran_a1_ei_api" name="test_ei_job_create_rejects_invalid_eitype_identifier_format" time="0.079" /><testcase classname="tests.unit.services.test_phase2_spec_parsing.TestPdfParser" name="test_raises_file_not_found" time="0.029" /><testcase classname="tests.unit.services.test_phase2_spec_parsing.TestPdfParser" name="test_parse_file_returns_text" time="0.011" /><testcase classname="tests.unit.services.test_phase2_spec_parsing.TestPdfParser" name="test_get_page_count" time="0.011" /><testcase classname="tests.unit.services.test_phase2_spec_parsing.TestDocxParser" name="test_raises_file_not_found" time="0.008" /><testcase classname="tests.unit.services.test_phase2_spec_parsing.TestDocxParser" name="test_parse_file_returns_paragraphs" time="0.006" /><testcase classname="tests.unit.services.test_phase2_spec_parsing.TestTestClauseExtractor" name="test_extracts_test_clauses_from_sample_text" time="0.003" /><testcase classname="tests.unit.services.test_phase2_spec_parsing.TestTestClauseExtractor" name="test_clause_has_required_fields" time="0.001" /><testcase classname="tests.unit.services.test_phase2_spec_parsing.TestTestClauseExtractor" name="test_max_tests_limit_is_respected" time="0.001" /><testcase classname="tests.unit.services.test_phase2_spec_parsing.TestTestClauseExtractor" name="test_scenario_type_interoperability_detected" time="0.002" /><testcase classname="tests.unit.services.test_phase2_spec_parsing.TestTestClauseExtractor" name="test_scenario_type_conformance_default_for_ts_103_989" time="0.002" /><testcase classname="tests.unit.services.test_phase2_spec_parsing.TestExtractHttpInfo" name="test_extracts_get_method" time="0.001" /><testcase classname="tests.unit.services.test_phase2_spec_parsing.TestExtractHttpInfo" name="test_extracts_put_method" time="0.001" /><testcase classname="tests.unit.services.test_phase2_spec_parsing.TestExtractHttpInfo" name="test_extracts_delete_method" time="0.001" /><testcase classname="tests.unit.services.test_phase2_spec_parsing.TestExtractHttpInfo" name="test_extracts_endpoint_path" time="0.001" /><testcase classname="tests.unit.services.test_phase2_spec_parsing.TestExtractHttpInfo" name="test_extracts_status_code_201" time="0.001" /><testcase classname="tests.unit.services.test_phase2_spec_parsing.TestExtractHttpInfo" name="test_extracts_status_code_200" time="0.001" /><testcase classname="tests.unit.services.test_phase2_spec_parsing.TestExtractHttpInfo" name="test_returns_none_for_empty_text" time="0.001" /><testcase classname="tests.unit.services.test_phase2_spec_parsing.TestSpecParserService" name="test_cross_reference_returns_enriched_cases" time="0.004" /><testcase classname="tests.unit.services.test_phase2_spec_parsing.TestSpecParserService" name="test_cross_reference_enrichment_sources_populated" time="0.003" /><testcase classname="tests.unit.services.test_phase2_spec_parsing.TestSpecParserService" name="test_cross_reference_empty_ts989_produces_no_cases" time="0.003" /><testcase classname="tests.unit.services.test_phase2_spec_parsing.TestSpecParserService" name="test_detect_conflicts_returns_list" time="0.005" /><testcase classname="tests.unit.services.test_phase2_spec_parsing.TestSpecParserService" name="test_save_conflicts_writes_json" time="0.019" /><testcase classname="tests.unit.services.test_phase2_spec_parsing.TestSpecParserService" name="test_determine_complexity_basic" time="0.006" /><testcase classname="tests.unit.services.test_phase2_spec_parsing.TestSpecParserService" name="test_determine_complexity_advanced" time="0.004" /><testcase classname="tests.unit.services.test_phase2_spec_parsing.TestSpecParserService" name="test_cross_reference_uses_ts103988_status_code_enrichment" time="0.006" /><testcase classname="tests.conformance.test_ts103988_section5_common_types" name="test_section5_clause5_service_summaries_expose_type_catalogs" time="0.109" /><testcase classname="tests.conformance.test_ts103988_section5_common_types" name="test_section5_clause5_1_rejects_invalid_policy_encoding_attribute" time="0.095"><failure message="assert 201 == 400&#10; +  where 201 = &lt;Response [201 Created]&gt;.status_code">def test_section5_clause5_1_rejects_invalid_policy_encoding_attribute() -&gt; None:
        client = _client()
    
        response = client.put(
            "/api/oran/a1/policytypes/default/policies/section5-encoding-bad",
            json={
                "scope": {
                    "scope_type": "cell",
                    "scope_value": "001",
                    "amfRegionId": "ZZ",
                },
                "policy_statements": [{"id": "stmt-bad-encoding", "action": "allow"}],
            },
        )
    
&gt;       assert response.status_code == 400
E       assert 201 == 400
E        +  where 201 = &lt;Response [201 Created]&gt;.status_code

tests\conformance\test_ts103988_section5_common_types.py:50: AssertionError</failure></testcase><testcase classname="tests.conformance.test_ts103988_section5_common_types" name="test_section5_clause5_2_uses_type_definition_status_enrichment_path" time="0.073" /></testsuite></testsuites>