<?xml version="1.0" encoding="utf-8"?><testsuites name="pytest tests"><testsuite name="pytest" errors="0" failures="0" skipped="0" tests="25" time="2.454" timestamp="2026-07-02T14:48:10.187958+05:30" hostname="C40LAP-5142T"><testcase classname="tests.conformance.test_ts103983_section5_a1_functions" name="test_section_5_1_4_policy_scope_identifier_variants_are_persisted[scope_payload0]" time="0.050" /><testcase classname="tests.conformance.test_ts103983_section5_a1_functions" name="test_section_5_1_4_policy_scope_identifier_variants_are_persisted[scope_payload1]" time="0.039" /><testcase classname="tests.conformance.test_ts103983_section5_a1_functions" name="test_section_5_1_4_policy_scope_identifier_variants_are_persisted[scope_payload2]" time="0.041" /><testcase classname="tests.conformance.test_ts103983_section5_a1_functions" name="test_section_5_1_4_policy_scope_identifier_variants_are_persisted[scope_payload3]" time="0.041" /><testcase classname="tests.conformance.test_ts103983_section5_a1_functions" name="test_section_5_1_4_policy_scope_identifier_variants_are_persisted[scope_payload4]" time="0.039" /><testcase classname="tests.conformance.test_ts103983_section5_a1_functions" name="test_section_5_1_3_policy_lifecycle_create_update_delete_status_transitions" time="0.091" /><testcase classname="tests.conformance.test_ts103983_section5_a1_functions" name="test_section_5_2_3_3_1_ei_update_reconciles_partial_payload_with_existing_job" time="0.043" /><testcase classname="tests.conformance.test_ts103983_section5_a1_functions" name="test_section_5_2_3_3_1_ei_reconciliation_detects_cross_type_job_id_conflict" time="0.047" /><testcase classname="tests.conformance.test_ts103983_section5_a1_functions" name="test_section_5_2_3_3_2_ei_delete_reconciliation_cleans_notification_mapping" time="0.046" /><testcase classname="tests.conformance.test_ts103983_section5_a1_functions" name="test_section_5_2_3_3_2_ei_type_filtered_and_global_listing_stay_consistent" time="0.051" /><testcase classname="tests.module.oran.test_ts103983_section5_module_concurrency" name="test_section5_module_policy_and_ei_lifecycle_calls_are_consistent_under_concurrency" time="0.007" /><testcase classname="tests.e2e.test_ts103983_section5_reconciliation_e2e" name="test_section5_e2e_policy_and_ei_reconciliation_flow" time="0.062" /><testcase classname="tests.nonfunctional.parameter.test_ts103983_section5_parameter_passing" name="test_section5_parameter_scope_permutations_round_trip[scope_payload0]" time="0.002" /><testcase classname="tests.nonfunctional.parameter.test_ts103983_section5_parameter_passing" name="test_section5_parameter_scope_permutations_round_trip[scope_payload1]" time="0.003" /><testcase classname="tests.nonfunctional.parameter.test_ts103983_section5_parameter_passing" name="test_section5_parameter_scope_permutations_round_trip[scope_payload2]" time="0.002" /><testcase classname="tests.nonfunctional.parameter.test_ts103983_section5_parameter_passing" name="test_section5_parameter_scope_permutations_round_trip[scope_payload3]" time="0.003" /><testcase classname="tests.nonfunctional.parameter.test_ts103983_section5_parameter_passing" name="test_section5_parameter_scope_permutations_round_trip[scope_payload4]" time="0.003" /><testcase classname="tests.nonfunctional.parameter.test_ts103983_section5_parameter_passing" name="test_section5_parameter_ei_required_fields_are_enforced[payload0]" time="0.004" /><testcase classname="tests.nonfunctional.parameter.test_ts103983_section5_parameter_passing" name="test_section5_parameter_ei_required_fields_are_enforced[payload1]" time="0.003" /><testcase classname="tests.nonfunctional.parameter.test_ts103983_section5_parameter_passing" name="test_section5_parameter_ei_required_fields_are_enforced[payload2]" time="0.002" /><testcase classname="tests.nonfunctional.memory.test_ts103983_section5_ei_memory_behavior" name="test_section5_memory_ei_create_delete_cycles_leave_no_residual_state" time="0.008" /><testcase classname="tests.nonfunctional.load.test_ts103983_section5_ei_load" name="test_section5_load_ei_handles_moderate_job_throughput" time="0.011" /><testcase classname="tests.nonfunctional.stress.test_ts103983_section5_ei_stress" name="test_section5_stress_ei_repeated_replace_stays_queryable" time="0.026" /><testcase classname="tests.interface.api.test_ts103983_section5_interface_faults" name="test_section5_interface_policy_missing_type_maps_to_404_problem_details" time="0.192" /><testcase classname="tests.interface.api.test_ts103983_section5_interface_faults" name="test_section5_interface_ei_type_mismatch_maps_to_400_problem_details" time="0.172" /></testsuite></testsuites>