<?xml version="1.0" encoding="utf-8"?><testsuites name="pytest tests"><testsuite name="pytest" errors="0" failures="0" skipped="0" tests="13" time="1.632" timestamp="2026-07-10T13:35:39.398352+05:30" hostname="C40LAP-5142T"><testcase classname="tests.module.oran.test_ts103988_section5_type_catalog_module" name="test_section5_module_type_catalog_contract_is_exposed_for_a1p_and_a1ei" time="0.001" /><testcase classname="tests.e2e.test_ts103988_section5_catalog_e2e" name="test_section5_e2e_services_surface_ts103988_catalog_and_encoding_contracts" time="0.053" /><testcase classname="tests.nonfunctional.memory.test_ts103988_section5_memory_behavior" name="test_section5_memory_policy_create_delete_cycles_leave_no_residual_state" time="0.003" /><testcase classname="tests.nonfunctional.load.test_ts103988_section5_load" name="test_section5_load_policy_handles_moderate_throughput" time="0.002" /><testcase classname="tests.nonfunctional.stress.test_ts103988_section5_stress" name="test_section5_stress_repeated_replace_stays_queryable" time="0.005" /><testcase classname="tests.nonfunctional.parameter.test_ts103988_section5_parameter_passing" name="test_section5_parameter_supported_scope_types_round_trip[scope_payload0]" time="0.001" /><testcase classname="tests.nonfunctional.parameter.test_ts103988_section5_parameter_passing" name="test_section5_parameter_supported_scope_types_round_trip[scope_payload1]" time="0.001" /><testcase classname="tests.nonfunctional.parameter.test_ts103988_section5_parameter_passing" name="test_section5_parameter_supported_scope_types_round_trip[scope_payload2]" time="0.000" /><testcase classname="tests.nonfunctional.parameter.test_ts103988_section5_parameter_passing" name="test_section5_parameter_supported_scope_types_round_trip[scope_payload3]" time="0.001" /><testcase classname="tests.nonfunctional.parameter.test_ts103988_section5_parameter_passing" name="test_section5_parameter_supported_scope_types_round_trip[scope_payload4]" time="0.001" /><testcase classname="tests.nonfunctional.parameter.test_ts103988_section5_parameter_passing" name="test_section5_parameter_invalid_amf_region_id_is_rejected" time="0.001" /><testcase classname="tests.interface.api.test_ts103988_section5_interface_faults" name="test_section5_interface_policy_invalid_encoding_maps_to_400_problem_details" time="0.046" /><testcase classname="tests.interface.api.test_ts103988_section5_interface_faults" name="test_section5_interface_ei_invalid_identifier_maps_to_400_problem_details" time="0.041" /></testsuite></testsuites>