<?xml version="1.0" encoding="utf-8"?><testsuites><testsuite name="pytest" errors="0" failures="0" skipped="0" tests="26" time="1.037" timestamp="2026-07-02T08:13:32.122104" hostname="SEZFF207-SG"><testcase classname="backend.tests.conformance.test_interoperability_clause7_suites" name="test_clause_7_2_interoperability_a1p_suite_metadata_is_exposed" time="0.001" /><testcase classname="backend.tests.conformance.test_interoperability_clause7_suites" name="test_clause_7_2_interoperability_a1p_run_passes_with_default_registry" time="0.003" /><testcase classname="backend.tests.conformance.test_interoperability_clause7_suites" name="test_clause_7_3_interoperability_a1ei_suite_metadata_is_exposed" time="0.001" /><testcase classname="backend.tests.conformance.test_interoperability_clause7_suites" name="test_clause_7_3_interoperability_a1ei_run_passes_with_default_registry" time="0.003" /><testcase classname="backend.tests.conformance.test_interoperability_readiness_4_4_2" name="test_4_4_2_readiness_includes_dual_dut_role_configuration" time="0.001" /><testcase classname="backend.tests.conformance.test_interoperability_readiness_4_4_2" name="test_4_4_2_readiness_requires_matching_policy_type_or_ei_type" time="0.001" /><testcase classname="backend.tests.conformance.test_interoperability_readiness_4_4_2" name="test_4_4_2_readiness_includes_passive_a1_capture_capability" time="0.001" /><testcase classname="backend.tests.conformance.test_interoperability_readiness_4_4_2" name="test_4_4_2_readiness_marks_o1_as_conditional" time="0.001" /><testcase classname="backend.tests.conformance.test_interoperability_readiness_4_4_2" name="test_4_4_2_readiness_marks_e2_ue_trigger_as_conditional" time="0.001" /><testcase classname="backend.tests.conformance.test_interoperability_readiness_4_4_2" name="test_4_4_2_readiness_marks_core_network_as_conditional" time="0.001" /><testcase classname="backend.tests.unit.services.test_a1_enrichment_service" name="test_ei_service_summary_exposes_supported_types_and_resources" time="0.001" /><testcase classname="backend.tests.unit.services.test_a1_enrichment_service" name="test_ei_job_lifecycle_create_query_update_delete" time="0.001" /><testcase classname="backend.tests.unit.services.test_a1_enrichment_service" name="test_unknown_ei_type_raises_key_error" time="0.001" /><testcase classname="backend.tests.unit.services.test_a1_enrichment_service" name="test_ei_notification_destination_is_cleared_when_omitted_on_replace" time="0.001" /><testcase classname="backend.tests.unit.services.test_a1_enrichment_service" name="test_notify_ei_job_status_logs_warning_for_non_success_status" time="0.002" /><testcase classname="backend.tests.unit.services.test_a1_enrichment_service" name="test_notify_ei_job_status_propagates_timeout" time="0.001" /><testcase classname="backend.tests.unit.services.test_a1_enrichment_service" name="test_create_ei_job_rejects_payload_without_required_ei_payload_field" time="0.001" /><testcase classname="backend.tests.unit.services.test_a1_enrichment_service" name="test_notify_ei_job_status_rejects_payload_missing_required_fields" time="0.001" /><testcase classname="backend.tests.unit.services.test_a1_enrichment_service" name="test_deliver_ei_job_result_logs_warning_for_non_success_status" time="0.002" /><testcase classname="backend.tests.unit.services.test_a1_enrichment_service" name="test_deliver_ei_job_result_propagates_timeout" time="0.002" /><testcase classname="backend.tests.unit.services.test_a1_enrichment_service" name="test_deliver_ei_job_result_rejects_payload_missing_required_fields" time="0.001" /><testcase classname="tests.conformance.test_interoperability_conformance_4_4" name="test_conformance_categories_exposes_4_4_interoperability_categories" time="0.003" /><testcase classname="tests.conformance.test_interoperability_conformance_4_4" name="test_conformance_tests_exposes_interoperability_a1p_suite_metadata" time="0.003" /><testcase classname="tests.conformance.test_interoperability_conformance_4_4" name="test_conformance_tests_exposes_interoperability_a1ei_suite_metadata" time="0.003" /><testcase classname="tests.conformance.test_interoperability_conformance_4_4" name="test_conformance_run_executes_interoperability_a1p_category" time="0.008" /><testcase classname="tests.conformance.test_interoperability_conformance_4_4" name="test_conformance_run_executes_interoperability_a1ei_category" time="0.005" /></testsuite></testsuites>