<?xml version="1.0" encoding="utf-8"?><testsuites name="pytest tests"><testsuite name="pytest" errors="0" failures="0" skipped="0" tests="5" time="0.426" timestamp="2026-07-14T17:07:10.962865+05:30" hostname="C40LAP-5142T"><testcase classname="demo-web.backend.tests.conformance.test_ei_job_operations" name="test_ei_job_operations_suite_metadata_is_exposed" time="0.002" /><testcase classname="demo-web.backend.tests.conformance.test_ei_job_operations" name="test_ei_job_operations_run_passes_with_default_registry" time="0.001" /><testcase classname="demo-web.backend.tests.conformance.test_ei_job_operations" name="test_ei_job_operations_run_includes_all_expected_test_ids" time="0.001" /><testcase classname="demo-web.backend.tests.conformance.test_ei_job_operations" name="test_ei_job_operations_unknown_type_check_passes" time="0.001" /><testcase classname="demo-web.backend.tests.conformance.test_ei_job_operations" name="test_ei_job_operations_deleted_job_is_no_longer_queryable" time="0.001" /></testsuite></testsuites>